[
  {
    "projectId": "4a4b3547-1426-4e54-860b-3c346e29c3dd",
    "testId": "0ce67db0-c3e4-4bdc-b2f8-72b585c59358",
    "userId": "3438c468-80e1-70b0-8c6b-79b8c6167782",
    "title": "backend-health-check-Health Check API Tests",
    "description": "Test the health check endpoint for proper status and response structure",
    "code": "# Error generating test code for backend-health-check\nprint('Test code generation failed')\nassert False, 'Test code generation failed'",
    "testStatus": "FAILED",
    "testError": "Traceback (most recent call last):\n  File \"/var/task/handler.py\", line 258, in run_with_retry\n    exec(code, exec_env)\n  File \"<string>\", line 3, in <module>\nAssertionError: Test code generation failed\n",
    "testType": "BACKEND",
    "createFrom": "mcp",
    "created": "2025-11-04T16:15:49.402Z",
    "modified": "2025-11-04T16:15:55.925Z"
  },
  {
    "projectId": "4a4b3547-1426-4e54-860b-3c346e29c3dd",
    "testId": "de5da88f-e8ab-4c9f-9d2c-61fb3f1f8a51",
    "userId": "3438c468-80e1-70b0-8c6b-79b8c6167782",
    "title": "backend-products-Products API Tests",
    "description": "Test product retrieval endpoint for proper data structure",
    "code": "# Error generating test code for backend-products\nprint('Test code generation failed')\nassert False, 'Test code generation failed'",
    "testStatus": "FAILED",
    "testError": "Traceback (most recent call last):\n  File \"/var/task/handler.py\", line 258, in run_with_retry\n    exec(code, exec_env)\n  File \"<string>\", line 3, in <module>\nAssertionError: Test code generation failed\n",
    "testType": "BACKEND",
    "createFrom": "mcp",
    "created": "2025-11-04T16:15:49.408Z",
    "modified": "2025-11-04T16:15:57.602Z"
  },
  {
    "projectId": "4a4b3547-1426-4e54-860b-3c346e29c3dd",
    "testId": "687249b4-1654-4430-b214-0781fdbb79c5",
    "userId": "3438c468-80e1-70b0-8c6b-79b8c6167782",
    "title": "backend-featured-products-Featured Products API Tests",
    "description": "Test featured products endpoint for curated product list",
    "code": "# Error generating test code for backend-featured-products\nprint('Test code generation failed')\nassert False, 'Test code generation failed'",
    "testStatus": "FAILED",
    "testError": "Traceback (most recent call last):\n  File \"/var/task/handler.py\", line 258, in run_with_retry\n    exec(code, exec_env)\n  File \"<string>\", line 3, in <module>\nAssertionError: Test code generation failed\n",
    "testType": "BACKEND",
    "createFrom": "mcp",
    "created": "2025-11-04T16:15:49.413Z",
    "modified": "2025-11-04T16:15:55.999Z"
  },
  {
    "projectId": "4a4b3547-1426-4e54-860b-3c346e29c3dd",
    "testId": "5108d295-1a49-40b3-88f8-077762a68297",
    "userId": "3438c468-80e1-70b0-8c6b-79b8c6167782",
    "title": "backend-collections-Collections API Tests",
    "description": "Test collections endpoint for product categorization",
    "code": "# Error generating test code for backend-collections\nprint('Test code generation failed')\nassert False, 'Test code generation failed'",
    "testStatus": "FAILED",
    "testError": "Traceback (most recent call last):\n  File \"/var/task/handler.py\", line 258, in run_with_retry\n    exec(code, exec_env)\n  File \"<string>\", line 3, in <module>\nAssertionError: Test code generation failed\n",
    "testType": "BACKEND",
    "createFrom": "mcp",
    "created": "2025-11-04T16:15:49.418Z",
    "modified": "2025-11-04T16:15:55.960Z"
  },
  {
    "projectId": "4a4b3547-1426-4e54-860b-3c346e29c3dd",
    "testId": "0c6fcf64-a492-4f81-9eed-709cbf2f06a3",
    "userId": "3438c468-80e1-70b0-8c6b-79b8c6167782",
    "title": "backend-menu-Menu API Tests",
    "description": "Test menu structure endpoint for navigation data",
    "code": "# Error generating test code for backend-menu\nprint('Test code generation failed')\nassert False, 'Test code generation failed'",
    "testStatus": "FAILED",
    "testError": "Traceback (most recent call last):\n  File \"/var/task/handler.py\", line 258, in run_with_retry\n    exec(code, exec_env)\n  File \"<string>\", line 3, in <module>\nAssertionError: Test code generation failed\n",
    "testType": "BACKEND",
    "createFrom": "mcp",
    "created": "2025-11-04T16:15:49.423Z",
    "modified": "2025-11-04T16:15:55.926Z"
  },
  {
    "projectId": "4a4b3547-1426-4e54-860b-3c346e29c3dd",
    "testId": "98578c9c-5e0e-4245-911a-6a587e1707d4",
    "userId": "3438c468-80e1-70b0-8c6b-79b8c6167782",
    "title": "backend-product-by-handle-Product Detail API Tests",
    "description": "Test single product retrieval by handle",
    "code": "# Error generating test code for backend-product-by-handle\nprint('Test code generation failed')\nassert False, 'Test code generation failed'",
    "testStatus": "FAILED",
    "testError": "Traceback (most recent call last):\n  File \"/var/task/handler.py\", line 258, in run_with_retry\n    exec(code, exec_env)\n  File \"<string>\", line 3, in <module>\nAssertionError: Test code generation failed\n",
    "testType": "BACKEND",
    "createFrom": "mcp",
    "created": "2025-11-04T16:15:49.428Z",
    "modified": "2025-11-04T16:15:57.371Z"
  },
  {
    "projectId": "4a4b3547-1426-4e54-860b-3c346e29c3dd",
    "testId": "11269a93-6498-4c0c-a166-ee6dfad5eee5",
    "userId": "3438c468-80e1-70b0-8c6b-79b8c6167782",
    "title": "backend-checkout-Checkout API Tests",
    "description": "Test checkout creation and management",
    "code": "# Error generating test code for backend-checkout\nprint('Test code generation failed')\nassert False, 'Test code generation failed'",
    "testStatus": "FAILED",
    "testError": "Traceback (most recent call last):\n  File \"/var/task/handler.py\", line 258, in run_with_retry\n    exec(code, exec_env)\n  File \"<string>\", line 3, in <module>\nAssertionError: Test code generation failed\n",
    "testType": "BACKEND",
    "createFrom": "mcp",
    "created": "2025-11-04T16:15:49.434Z",
    "modified": "2025-11-04T16:15:55.742Z"
  },
  {
    "projectId": "4a4b3547-1426-4e54-860b-3c346e29c3dd",
    "testId": "352f10b4-926e-4fc7-adb6-e4b38b872d8a",
    "userId": "3438c468-80e1-70b0-8c6b-79b8c6167782",
    "title": "backend-cache-health-Cache Health API Tests",
    "description": "Test cache system health monitoring",
    "code": "# Error generating test code for backend-cache-health\nprint('Test code generation failed')\nassert False, 'Test code generation failed'",
    "testStatus": "FAILED",
    "testError": "Traceback (most recent call last):\n  File \"/var/task/handler.py\", line 258, in run_with_retry\n    exec(code, exec_env)\n  File \"<string>\", line 3, in <module>\nAssertionError: Test code generation failed\n",
    "testType": "BACKEND",
    "createFrom": "mcp",
    "created": "2025-11-04T16:15:49.439Z",
    "modified": "2025-11-04T16:15:55.923Z"
  }
]
